Started GET "/actions" for 127.0.0.1 at 2021-07-27 17:44:50 -0700
  [1m[35m (1.7ms)[0m  [1m[34mSELECT sqlite_version(*)[0m
Processing by ActionsController#index as HTML
Completed 500 Internal Server Error in 20ms (ActiveRecord: 0.0ms | Allocations: 9123)


  
NameError (undefined local variable or method `action' for #<ActionsController:0x007f85e917cc28>
Did you mean?  actions):
  
app/controllers/actions_controller.rb:5:in `index'
Started GET "/favicon.ico" for 127.0.0.1 at 2021-07-27 17:44:50 -0700
  
ActionController::RoutingError (No route matches [GET] "/favicon.ico"):
  
Started GET "/actions" for 127.0.0.1 at 2021-07-27 17:45:29 -0700
Processing by ActionsController#index as HTML
  [1m[35m (0.0ms)[0m  [1m[34mSELECT sqlite_version(*)[0m
  ↳ app/controllers/actions_controller.rb:5:in `index'
  [1m[36mAction Load (0.4ms)[0m  [1m[34mSELECT "actions".* FROM "actions"[0m
  ↳ app/controllers/actions_controller.rb:5:in `index'
Completed 500 Internal Server Error in 3ms (ActiveRecord: 0.6ms | Allocations: 2094)


  
ActiveRecord::StatementInvalid (SQLite3::SQLException: no such table: actions):
  
app/controllers/actions_controller.rb:5:in `index'
Started POST "/actions" for ::1 at 2021-07-28 21:48:03 -0700
  [1m[35m (0.7ms)[0m  [1m[34mSELECT sqlite_version(*)[0m
Processing by ActionsController#create as JSON
  Parameters: {"name"=>"ASD Diagnosis", "description"=>"Get ASD diagnosis"}
Completed 500 Internal Server Error in 5ms (ActiveRecord: 0.0ms | Allocations: 4021)


  
NoMethodError (undefined method `permit' for "create":String):
  
app/controllers/actions_controller.rb:39:in `action_params'
app/controllers/actions_controller.rb:14:in `create'
Started GET "/actions" for ::1 at 2021-07-28 21:48:11 -0700
Processing by ActionsController#index as */*
Completed 500 Internal Server Error in 17ms (ActiveRecord: 0.0ms | Allocations: 3055)


  
NameError (undefined local variable or method `action' for #<ActionsController:0x007fd1b5815298>
Did you mean?  actions):
  
app/controllers/actions_controller.rb:5:in `index'
Started POST "/actions" for ::1 at 2021-07-28 21:48:25 -0700
Processing by ActionsController#create as JSON
  Parameters: {"name"=>"ASD Diagnosis", "description"=>"Get ASD diagnosis"}
Completed 500 Internal Server Error in 5ms (ActiveRecord: 0.0ms | Allocations: 1007)


  
NoMethodError (undefined method `permit' for "create":String):
  
app/controllers/actions_controller.rb:39:in `action_params'
app/controllers/actions_controller.rb:14:in `create'
Started GET "/actions" for ::1 at 2021-07-28 21:48:29 -0700
Processing by ActionsController#index as */*
Completed 500 Internal Server Error in 9ms (ActiveRecord: 0.0ms | Allocations: 1672)


  
NameError (undefined local variable or method `action' for #<ActionsController:0x007fd1b504c430>
Did you mean?  actions):
  
app/controllers/actions_controller.rb:5:in `index'
Started GET "/actions" for 127.0.0.1 at 2021-07-28 21:48:31 -0700
Processing by ActionsController#index as HTML
Completed 500 Internal Server Error in 8ms (ActiveRecord: 0.0ms | Allocations: 1661)


  
NameError (undefined local variable or method `action' for #<ActionsController:0x007fd1d5112278>
Did you mean?  actions):
  
app/controllers/actions_controller.rb:5:in `index'
Started GET "/actions" for 127.0.0.1 at 2021-07-28 21:48:53 -0700
Processing by ActionsController#index as HTML
  [1m[35m (0.1ms)[0m  [1m[34mSELECT sqlite_version(*)[0m
  ↳ app/controllers/actions_controller.rb:5:in `index'
  [1m[36mAction Load (0.6ms)[0m  [1m[34mSELECT "actions".* FROM "actions"[0m
  ↳ app/controllers/actions_controller.rb:5:in `index'
Completed 500 Internal Server Error in 17ms (ActiveRecord: 0.9ms | Allocations: 2085)


  
ActiveRecord::StatementInvalid (SQLite3::SQLException: no such table: actions):
  
app/controllers/actions_controller.rb:5:in `index'
Started GET "/actions" for 127.0.0.1 at 2021-07-28 21:50:05 -0700
Processing by ActionsController#index as HTML
  [1m[36mAction Load (0.6ms)[0m  [1m[34mSELECT "actions".* FROM "actions"[0m
  ↳ app/controllers/actions_controller.rb:5:in `index'
Completed 500 Internal Server Error in 3ms (ActiveRecord: 0.6ms | Allocations: 702)


  
ActiveRecord::StatementInvalid (SQLite3::SQLException: no such table: actions):
  
app/controllers/actions_controller.rb:5:in `index'
  [1m[35m (0.6ms)[0m  [1m[34mSELECT sqlite_version(*)[0m
  [1m[35m (1.0ms)[0m  [1m[35mCREATE TABLE "schema_migrations" ("version" varchar NOT NULL PRIMARY KEY)[0m
  [1m[35m (0.4ms)[0m  [1m[35mCREATE TABLE "ar_internal_metadata" ("key" varchar NOT NULL PRIMARY KEY, "value" varchar, "created_at" datetime(6) NOT NULL, "updated_at" datetime(6) NOT NULL)[0m
  [1m[35m (0.1ms)[0m  [1m[34mSELECT "schema_migrations"."version" FROM "schema_migrations" ORDER BY "schema_migrations"."version" ASC[0m
Migrating to CreateActions (20210809192935)
  [1m[36mTRANSACTION (0.0ms)[0m  [1m[36mbegin transaction[0m
  [1m[35m (0.3ms)[0m  [1m[35mCREATE TABLE "actions" ("id" integer PRIMARY KEY AUTOINCREMENT NOT NULL, "name" varchar, "description" varchar, "category_id" integer NOT NULL, "created_at" datetime(6) NOT NULL, "updated_at" datetime(6) NOT NULL, CONSTRAINT "fk_rails_14419ddf76"
FOREIGN KEY ("category_id")
  REFERENCES "categories" ("id")
)[0m
  [1m[35m (0.1ms)[0m  [1m[35mCREATE INDEX "index_actions_on_category_id" ON "actions" ("category_id")[0m
  [1m[36mActiveRecord::SchemaMigration Create (0.1ms)[0m  [1m[32mINSERT INTO "schema_migrations" ("version") VALUES (?)[0m  [["version", "20210809192935"]]
  [1m[36mTRANSACTION (0.4ms)[0m  [1m[36mcommit transaction[0m
Migrating to CreateCategories (20210809193159)
  [1m[36mTRANSACTION (0.0ms)[0m  [1m[36mbegin transaction[0m
  [1m[35m (0.3ms)[0m  [1m[35mCREATE TABLE "categories" ("id" integer PRIMARY KEY AUTOINCREMENT NOT NULL, "name" varchar, "created_at" datetime(6) NOT NULL, "updated_at" datetime(6) NOT NULL)[0m
  [1m[36mActiveRecord::SchemaMigration Create (0.1ms)[0m  [1m[32mINSERT INTO "schema_migrations" ("version") VALUES (?)[0m  [["version", "20210809193159"]]
  [1m[36mTRANSACTION (0.3ms)[0m  [1m[36mcommit transaction[0m
  [1m[36mActiveRecord::InternalMetadata Load (0.1ms)[0m  [1m[34mSELECT "ar_internal_metadata".* FROM "ar_internal_metadata" WHERE "ar_internal_metadata"."key" = ? LIMIT ?[0m  [["key", "environment"], ["LIMIT", 1]]
  [1m[36mTRANSACTION (0.1ms)[0m  [1m[36mbegin transaction[0m
  [1m[36mActiveRecord::InternalMetadata Create (0.3ms)[0m  [1m[32mINSERT INTO "ar_internal_metadata" ("key", "value", "created_at", "updated_at") VALUES (?, ?, ?, ?)[0m  [["key", "environment"], ["value", "development"], ["created_at", "2021-08-09 19:34:19.848434"], ["updated_at", "2021-08-09 19:34:19.848434"]]
  [1m[36mTRANSACTION (0.5ms)[0m  [1m[36mcommit transaction[0m
  [1m[35m (0.0ms)[0m  [1m[34mSELECT sqlite_version(*)[0m
  [1m[35m (0.1ms)[0m  [1m[34mSELECT "schema_migrations"."version" FROM "schema_migrations" ORDER BY "schema_migrations"."version" ASC[0m
Started GET "/actions" for 127.0.0.1 at 2021-08-09 12:38:00 -0700
  [1m[35m (0.4ms)[0m  [1m[34mSELECT sqlite_version(*)[0m
  [1m[35m (0.1ms)[0m  [1m[34mSELECT "schema_migrations"."version" FROM "schema_migrations" ORDER BY "schema_migrations"."version" ASC[0m
Processing by ActionsController#index as HTML
  [1m[36mAction Load (0.1ms)[0m  [1m[34mSELECT "actions".* FROM "actions"[0m
  ↳ app/controllers/actions_controller.rb:5:in `index'
Completed 200 OK in 13ms (Views: 8.4ms | ActiveRecord: 0.1ms | Allocations: 4253)


Started POST "/actions" for ::1 at 2021-08-09 12:38:07 -0700
Processing by ActionsController#create as JSON
  Parameters: {"name"=>"ASD Diagnosis", "description"=>"Get ASD diagnosis"}
Completed 500 Internal Server Error in 6ms (ActiveRecord: 0.0ms | Allocations: 1019)


  
NoMethodError (undefined method `permit' for "create":String):
  
app/controllers/actions_controller.rb:39:in `action_params'
app/controllers/actions_controller.rb:14:in `create'
